<?xml version="1.0" encoding="UTF-8"?>
<testng-results ignored="0" total="1" passed="1" failed="0" skipped="0">
  <reporter-output>
  </reporter-output>
  <suite started-at="2024-10-19T11:09:27 IST" name="Default suite" finished-at="2024-10-19T11:09:53 IST" duration-ms="25983">
    <groups>
      <group name="cucumber">
        <method signature="AbstractTestNGCucumberTests.runScenario(io.cucumber.testng.PickleWrapper,io.cucumber.testng.FeatureWrapper)[pri:0, instance:testRunnerPack.TestRunner@6aba2b86]" name="runScenario" class="io.cucumber.testng.AbstractTestNGCucumberTests"/>
      </group> <!-- cucumber -->
    </groups>
    <test started-at="2024-10-19T11:09:27 IST" name="Default test" finished-at="2024-10-19T11:09:53 IST" duration-ms="25983">
      <class name="testRunnerPack.TestRunner">
        <test-method is-config="true" signature="setUpClass(org.testng.ITestContext)[pri:0, instance:testRunnerPack.TestRunner@6aba2b86]" started-at="2024-10-19T11:09:27 IST" name="setUpClass" finished-at="2024-10-19T11:09:27 IST" duration-ms="330" status="PASS">
          <params>
            <param index="0">
              <value>
                <![CDATA[org.testng.TestRunner@35267fd4]]>
              </value>
            </param>
          </params>
          <reporter-output>
          </reporter-output>
        </test-method> <!-- setUpClass -->
        <test-method signature="runScenario(io.cucumber.testng.PickleWrapper,io.cucumber.testng.FeatureWrapper)[pri:0, instance:testRunnerPack.TestRunner@6aba2b86]" started-at="2024-10-19T11:09:27 IST" name="runScenario" description="Runs Cucumber Scenarios" data-provider="scenarios" finished-at="2024-10-19T11:09:53 IST" duration-ms="25599" status="PASS">
          <params>
            <param index="0">
              <value>
                <![CDATA["Verify Change Password"]]>
              </value>
            </param>
            <param index="1">
              <value>
                <![CDATA["Change Password functionality"]]>
              </value>
            </param>
          </params>
          <reporter-output>
          </reporter-output>
        </test-method> <!-- runScenario -->
        <test-method is-config="true" signature="tearDownClass()[pri:0, instance:testRunnerPack.TestRunner@6aba2b86]" started-at="2024-10-19T11:09:53 IST" name="tearDownClass" finished-at="2024-10-19T11:09:53 IST" duration-ms="10" status="PASS">
          <reporter-output>
          </reporter-output>
        </test-method> <!-- tearDownClass -->
      </class> <!-- testRunnerPack.TestRunner -->
    </test> <!-- Default test -->
  </suite> <!-- Default suite -->
</testng-results>
