<?xml version="1.0" encoding="UTF-8"?>
<testng-results ignored="0" total="1" passed="1" failed="0" skipped="0">
  <reporter-output>
  </reporter-output>
  <suite started-at="2024-10-06T10:01:55 IST" name="Suite" finished-at="2024-10-06T10:02:04 IST" duration-ms="9160">
    <groups>
    </groups>
    <test started-at="2024-10-06T10:01:55 IST" name="Test" finished-at="2024-10-06T10:02:04 IST" duration-ms="9160">
      <class name="testSuites.ChangePasswordTestSuite">
        <test-method is-config="true" signature="inItDriver()[pri:0, instance:testSuites.ChangePasswordTestSuite@ef9296d]" started-at="2024-10-06T10:01:49 IST" name="inItDriver" finished-at="2024-10-06T10:01:55 IST" duration-ms="5792" status="PASS">
          <reporter-output>
          </reporter-output>
        </test-method> <!-- inItDriver -->
        <test-method signature="tc123_ChnagePasswordTest()[pri:0, instance:testSuites.ChangePasswordTestSuite@ef9296d]" started-at="2024-10-06T10:01:55 IST" name="tc123_ChnagePasswordTest" finished-at="2024-10-06T10:02:00 IST" duration-ms="5309" status="PASS">
          <reporter-output>
          </reporter-output>
        </test-method> <!-- tc123_ChnagePasswordTest -->
        <test-method is-config="true" signature="logout()[pri:0, instance:testSuites.ChangePasswordTestSuite@ef9296d]" started-at="2024-10-06T10:02:00 IST" name="logout" finished-at="2024-10-06T10:02:04 IST" duration-ms="3805" status="PASS">
          <reporter-output>
          </reporter-output>
        </test-method> <!-- logout -->
        <test-method is-config="true" signature="closeBrowser()[pri:0, instance:testSuites.ChangePasswordTestSuite@ef9296d]" started-at="2024-10-06T10:02:04 IST" name="closeBrowser" finished-at="2024-10-06T10:02:07 IST" duration-ms="2922" status="PASS">
          <reporter-output>
          </reporter-output>
        </test-method> <!-- closeBrowser -->
      </class> <!-- testSuites.ChangePasswordTestSuite -->
    </test> <!-- Test -->
  </suite> <!-- Suite -->
</testng-results>
