<?xml version="1.0" encoding="UTF-8"?>
<testsuite xmlns:xsi="http://www.w3.org/2001/XMLSchema-instance" xsi:noNamespaceSchemaLocation="https://maven.apache.org/surefire/maven-surefire-plugin/xsd/surefire-test-report.xsd" version="3.0.2" name="TestSuite" time="18.6" tests="1" errors="0" skipped="0" failures="0">
  <properties>
[...]
</properties>
  <testcase name="tc123_ChnagePasswordTest" classname="testSuites.ChangePasswordTestSuite" time="3.709">
    <system-out><![CDATA[onStart
onTestStart : tc123_ChnagePasswordTest
onTestSuccess : tc123_ChnagePasswordTest
]]></system-out>
  </testcase>
</testsuite>