<?xml version="1.0" encoding="UTF-8"?>
<!-- Generated by org.testng.reporters.JUnitXMLReporter -->
<testsuite ignored="0" hostname="DESKTOP-KJC6B92" failures="0" tests="5" name="Test" time="0.086" errors="0" timestamp="2024-09-14T10:30:28 IST">
  <testcase classname="pack1.TestClass3" name="m4" time="0.01"/>
  <testcase classname="pack1.TestClass3" name="m5" time="0.005"/>
  <testcase classname="pack1.TestClass2" name="m1" time="0.002"/>
  <testcase classname="pack1.TestClass2" name="m2" time="0.005"/>
  <testcase classname="pack1.TestClass2" name="m3" time="0.001"/>
</testsuite> <!-- Test -->
