<?xml version="1.0" encoding="UTF-8"?>
<!-- Generated by org.testng.reporters.JUnitXMLReporter -->
<testsuite ignored="2" hostname="DESKTOP-KJC6B92" failures="1" tests="3" name="Test" time="0.08" errors="0" timestamp="2024-09-15T10:53:23 IST">
  <testcase classname="pack1.TestClass6" name="TestCase11" time="0.01"/>
  <testcase classname="pack1.TestClass6" name="TestCase12" time="0.002"/>
  <testcase classname="pack1.TestClass6" name="TestCase13" time="0.006">
    <failure type="java.lang.AssertionError" message="null">
      <![CDATA[java.lang.AssertionError: null
at pack1.TestClass6.TestCase13(TestClass6.java:45)
at java.base/java.util.ArrayList.forEach(ArrayList.java:1511)
... Removed 29 stack frames]]>
    </failure>
  </testcase> <!-- TestCase13 -->
  <testcase classname="pack1.TestClass6" name="TestCase9" time="0.0">
    <ignored/>
  </testcase> <!-- TestCase9 -->
  <testcase classname="pack1.TestClass6" name="TestCase10" time="0.0">
    <ignored/>
  </testcase> <!-- TestCase10 -->
</testsuite> <!-- Test -->
