<?xml version="1.0" encoding="UTF-8"?>
<testng-results ignored="1" total="8" passed="7" failed="0" skipped="0">
  <reporter-output>
  </reporter-output>
  <suite started-at="2024-09-14T10:59:24 IST" name="suite_1409" finished-at="2024-09-14T10:59:25 IST" duration-ms="238">
    <groups>
    </groups>
    <test started-at="2024-09-14T10:59:24 IST" name="Test_1409" finished-at="2024-09-14T10:59:25 IST" duration-ms="129">
      <class name="pack1.TestClass3">
        <test-method is-config="true" signature="beforeTest()[pri:0, instance:pack1.TestClass3@769f71a9]" started-at="2024-09-14T10:59:24 IST" name="beforeTest" finished-at="2024-09-14T10:59:24 IST" duration-ms="1" status="PASS">
          <reporter-output>
          </reporter-output>
        </test-method> <!-- beforeTest -->
        <test-method signature="TestCase4()[pri:0, instance:pack1.TestClass3@769f71a9]" started-at="2024-09-14T10:59:24 IST" name="TestCase4" finished-at="2024-09-14T10:59:24 IST" duration-ms="9" status="PASS">
          <reporter-output>
          </reporter-output>
        </test-method> <!-- TestCase4 -->
        <test-method signature="TestCase5()[pri:0, instance:pack1.TestClass3@769f71a9]" started-at="2024-09-14T10:59:24 IST" name="TestCase5" finished-at="2024-09-14T10:59:24 IST" duration-ms="4" status="PASS">
          <reporter-output>
          </reporter-output>
        </test-method> <!-- TestCase5 -->
        <test-method is-config="true" signature="afterTest()[pri:0, instance:pack1.TestClass3@769f71a9]" started-at="2024-09-14T10:59:25 IST" name="afterTest" finished-at="2024-09-14T10:59:25 IST" duration-ms="4" status="PASS">
          <reporter-output>
          </reporter-output>
        </test-method> <!-- afterTest -->
      </class> <!-- pack1.TestClass3 -->
      <class name="pack1.TestClass2">
        <test-method is-config="true" signature="beforeClass()[pri:0, instance:pack1.TestClass2@4b5d6a01]" started-at="2024-09-14T10:59:24 IST" name="beforeClass" finished-at="2024-09-14T10:59:24 IST" duration-ms="1" status="PASS">
          <reporter-output>
          </reporter-output>
        </test-method> <!-- beforeClass -->
        <test-method is-config="true" signature="beforeMethod()[pri:0, instance:pack1.TestClass2@4b5d6a01]" started-at="2024-09-14T10:59:24 IST" name="beforeMethod" finished-at="2024-09-14T10:59:24 IST" duration-ms="0" status="PASS">
          <reporter-output>
          </reporter-output>
        </test-method> <!-- beforeMethod -->
        <test-method signature="TestCase1()[pri:0, instance:pack1.TestClass2@4b5d6a01]" started-at="2024-09-14T10:59:25 IST" name="TestCase1" finished-at="2024-09-14T10:59:25 IST" duration-ms="2" status="PASS">
          <reporter-output>
          </reporter-output>
        </test-method> <!-- TestCase1 -->
        <test-method is-config="true" signature="afterMethod()[pri:0, instance:pack1.TestClass2@4b5d6a01]" started-at="2024-09-14T10:59:25 IST" name="afterMethod" finished-at="2024-09-14T10:59:25 IST" duration-ms="1" status="PASS">
          <reporter-output>
          </reporter-output>
        </test-method> <!-- afterMethod -->
        <test-method is-config="true" signature="beforeMethod()[pri:0, instance:pack1.TestClass2@4b5d6a01]" started-at="2024-09-14T10:59:25 IST" name="beforeMethod" finished-at="2024-09-14T10:59:25 IST" duration-ms="1" status="PASS">
          <reporter-output>
          </reporter-output>
        </test-method> <!-- beforeMethod -->
        <test-method signature="TestCase2()[pri:0, instance:pack1.TestClass2@4b5d6a01]" started-at="2024-09-14T10:59:25 IST" name="TestCase2" finished-at="2024-09-14T10:59:25 IST" duration-ms="5" status="PASS">
          <reporter-output>
          </reporter-output>
        </test-method> <!-- TestCase2 -->
        <test-method is-config="true" signature="afterMethod()[pri:0, instance:pack1.TestClass2@4b5d6a01]" started-at="2024-09-14T10:59:25 IST" name="afterMethod" finished-at="2024-09-14T10:59:25 IST" duration-ms="0" status="PASS">
          <reporter-output>
          </reporter-output>
        </test-method> <!-- afterMethod -->
        <test-method signature="TestCase3()[pri:0, instance:pack1.TestClass2@4b5d6a01]" started-at="2024-09-14T10:59:25 IST" name="TestCase3" finished-at="2024-09-14T10:59:25 IST" duration-ms="8" status="PASS">
          <reporter-output>
          </reporter-output>
        </test-method> <!-- TestCase3 -->
        <test-method is-config="true" signature="beforeMethod()[pri:0, instance:pack1.TestClass2@4b5d6a01]" started-at="2024-09-14T10:59:25 IST" name="beforeMethod" finished-at="2024-09-14T10:59:25 IST" duration-ms="0" status="PASS">
          <reporter-output>
          </reporter-output>
        </test-method> <!-- beforeMethod -->
        <test-method is-config="true" signature="afterMethod()[pri:0, instance:pack1.TestClass2@4b5d6a01]" started-at="2024-09-14T10:59:25 IST" name="afterMethod" finished-at="2024-09-14T10:59:25 IST" duration-ms="7" status="PASS">
          <reporter-output>
          </reporter-output>
        </test-method> <!-- afterMethod -->
        <test-method is-config="true" signature="afterClass()[pri:0, instance:pack1.TestClass2@4b5d6a01]" started-at="2024-09-14T10:59:25 IST" name="afterClass" finished-at="2024-09-14T10:59:25 IST" duration-ms="3" status="PASS">
          <reporter-output>
          </reporter-output>
        </test-method> <!-- afterClass -->
      </class> <!-- pack1.TestClass2 -->
    </test> <!-- Test_1409 -->
    <test started-at="2024-09-14T10:59:25 IST" name="Test2_1409" finished-at="2024-09-14T10:59:25 IST" duration-ms="9">
      <class name="pack1.TestClass1">
        <test-method signature="m2()[pri:2, instance:pack1.TestClass1@481a996b]" started-at="2024-09-14T10:59:25 IST" name="m2" finished-at="2024-09-14T10:59:25 IST" duration-ms="1" status="PASS">
          <reporter-output>
          </reporter-output>
        </test-method> <!-- m2 -->
        <test-method signature="a1()[pri:3, instance:pack1.TestClass1@481a996b]" started-at="2024-09-14T10:59:25 IST" name="a1" finished-at="2024-09-14T10:59:25 IST" duration-ms="1" status="PASS">
          <reporter-output>
          </reporter-output>
        </test-method> <!-- a1 -->
      </class> <!-- pack1.TestClass1 -->
      <class name="pack1.TestClass3">
        <test-method is-config="true" signature="beforeSuite()[pri:0, instance:pack1.TestClass3@769f71a9]" started-at="2024-09-14T10:59:24 IST" name="beforeSuite" finished-at="2024-09-14T10:59:24 IST" duration-ms="9" status="PASS">
          <reporter-output>
          </reporter-output>
        </test-method> <!-- beforeSuite -->
        <test-method is-config="true" signature="afterSuite()[pri:0, instance:pack1.TestClass3@769f71a9]" started-at="2024-09-14T10:59:25 IST" name="afterSuite" finished-at="2024-09-14T10:59:25 IST" duration-ms="1" status="PASS">
          <reporter-output>
          </reporter-output>
        </test-method> <!-- afterSuite -->
      </class> <!-- pack1.TestClass3 -->
    </test> <!-- Test2_1409 -->
  </suite> <!-- suite_1409 -->
</testng-results>
