<?xml version="1.0" encoding="UTF-8"?>
<testng-results ignored="0" total="1" passed="1" failed="0" skipped="0">
  <reporter-output>
  </reporter-output>
  <suite started-at="2024-09-21T10:59:59 IST" name="Suite" finished-at="2024-09-21T10:59:59 IST" duration-ms="60">
    <groups>
    </groups>
    <test started-at="2024-09-21T10:59:59 IST" name="Test" finished-at="2024-09-21T10:59:59 IST" duration-ms="60">
      <class name="pack1.ListenerTest">
        <test-method is-config="true" signature="beforeSuite()[pri:0, instance:pack1.ListenerTest@dbf57b3]" started-at="2024-09-21T10:59:59 IST" name="beforeSuite" finished-at="2024-09-21T10:59:59 IST" duration-ms="11" status="PASS">
          <reporter-output>
          </reporter-output>
        </test-method> <!-- beforeSuite -->
        <test-method is-config="true" signature="beforeTest()[pri:0, instance:pack1.ListenerTest@dbf57b3]" started-at="2024-09-21T10:59:59 IST" name="beforeTest" finished-at="2024-09-21T10:59:59 IST" duration-ms="2" status="PASS">
          <reporter-output>
          </reporter-output>
        </test-method> <!-- beforeTest -->
        <test-method is-config="true" signature="beforeClass()[pri:0, instance:pack1.ListenerTest@dbf57b3]" started-at="2024-09-21T10:59:59 IST" name="beforeClass" finished-at="2024-09-21T10:59:59 IST" duration-ms="0" status="PASS">
          <reporter-output>
          </reporter-output>
        </test-method> <!-- beforeClass -->
        <test-method is-config="true" signature="beforeMethod()[pri:0, instance:pack1.ListenerTest@dbf57b3]" started-at="2024-09-21T10:59:59 IST" name="beforeMethod" finished-at="2024-09-21T10:59:59 IST" duration-ms="1" status="PASS">
          <reporter-output>
          </reporter-output>
        </test-method> <!-- beforeMethod -->
        <test-method signature="TestCase1()[pri:0, instance:pack1.ListenerTest@dbf57b3]" started-at="2024-09-21T10:59:59 IST" name="TestCase1" finished-at="2024-09-21T10:59:59 IST" duration-ms="10" status="PASS">
          <reporter-output>
          </reporter-output>
        </test-method> <!-- TestCase1 -->
        <test-method is-config="true" signature="afterMethod()[pri:0, instance:pack1.ListenerTest@dbf57b3]" started-at="2024-09-21T10:59:59 IST" name="afterMethod" finished-at="2024-09-21T10:59:59 IST" duration-ms="1" status="PASS">
          <reporter-output>
          </reporter-output>
        </test-method> <!-- afterMethod -->
        <test-method is-config="true" signature="afterClass()[pri:0, instance:pack1.ListenerTest@dbf57b3]" started-at="2024-09-21T10:59:59 IST" name="afterClass" finished-at="2024-09-21T10:59:59 IST" duration-ms="0" status="PASS">
          <reporter-output>
          </reporter-output>
        </test-method> <!-- afterClass -->
        <test-method is-config="true" signature="afterTest()[pri:0, instance:pack1.ListenerTest@dbf57b3]" started-at="2024-09-21T10:59:59 IST" name="afterTest" finished-at="2024-09-21T10:59:59 IST" duration-ms="1" status="PASS">
          <reporter-output>
          </reporter-output>
        </test-method> <!-- afterTest -->
        <test-method is-config="true" signature="afterSuite()[pri:0, instance:pack1.ListenerTest@dbf57b3]" started-at="2024-09-21T10:59:59 IST" name="afterSuite" finished-at="2024-09-21T10:59:59 IST" duration-ms="1" status="PASS">
          <reporter-output>
          </reporter-output>
        </test-method> <!-- afterSuite -->
      </class> <!-- pack1.ListenerTest -->
    </test> <!-- Test -->
  </suite> <!-- Suite -->
</testng-results>
