<?xml version="1.0" encoding="UTF-8"?>
<!-- Generated by org.testng.reporters.JUnitXMLReporter -->
<testsuite ignored="1" hostname="DESKTOP-KJC6B92" failures="0" tests="2" name="Test2_1409" time="0.009" errors="0" timestamp="2024-09-14T10:59:25 IST">
  <testcase classname="pack1.TestClass1" name="m2" time="0.001"/>
  <testcase classname="pack1.TestClass1" name="a1" time="0.001"/>
  <testcase classname="pack1.TestClass1" name="b4" time="0.0">
    <ignored/>
  </testcase> <!-- b4 -->
</testsuite> <!-- Test2_1409 -->
