<?xml version="1.0" encoding="UTF-8"?>
<!-- Generated by org.testng.reporters.JUnitXMLReporter -->
<testsuite ignored="0" hostname="DESKTOP-KJC6B92" failures="0" tests="5" name="Test_1409" time="0.129" errors="0" timestamp="2024-09-14T10:59:25 IST">
  <testcase classname="pack1.TestClass3" name="TestCase4" time="0.009"/>
  <testcase classname="pack1.TestClass3" name="TestCase5" time="0.004"/>
  <testcase classname="pack1.TestClass2" name="TestCase1" time="0.002"/>
  <testcase classname="pack1.TestClass2" name="TestCase2" time="0.005"/>
  <testcase classname="pack1.TestClass2" name="TestCase3" time="0.008"/>
</testsuite> <!-- Test_1409 -->
