<?xml version="1.0" encoding="UTF-8"?>
<!-- Generated by org.testng.reporters.JUnitXMLReporter -->
<testsuite ignored="8" hostname="DESKTOP-KJC6B92" failures="1" tests="2" name="Test(failed)(failed)(failed)" time="0.076" errors="0" timestamp="2024-09-15T10:46:12 IST">
  <testcase classname="pack1.TestClass4" name="TestCase5" time="0.011"/>
  <testcase classname="pack1.TestClass5" name="TestCase13" time="0.005">
    <failure type="java.lang.AssertionError" message="null">
      <![CDATA[java.lang.AssertionError: null
at pack1.TestClass5.TestCase13(TestClass5.java:45)
at java.base/java.util.ArrayList.forEach(ArrayList.java:1511)
... Removed 29 stack frames]]>
    </failure>
  </testcase> <!-- TestCase13 -->
  <testcase classname="pack1.TestClass4" name="TestCase6" time="0.0">
    <ignored/>
  </testcase> <!-- TestCase6 -->
  <testcase classname="pack1.TestClass4" name="TestCase7" time="0.0">
    <ignored/>
  </testcase> <!-- TestCase7 -->
  <testcase classname="pack1.TestClass5" name="TestCase10" time="0.0">
    <ignored/>
  </testcase> <!-- TestCase10 -->
  <testcase classname="pack1.TestClass4" name="TestCase8" time="0.0">
    <ignored/>
  </testcase> <!-- TestCase8 -->
  <testcase classname="pack1.TestClass5" name="TestCase9" time="0.0">
    <ignored/>
  </testcase> <!-- TestCase9 -->
  <testcase classname="pack1.TestClass5" name="TestCase12" time="0.0">
    <ignored/>
  </testcase> <!-- TestCase12 -->
  <testcase classname="pack1.TestClass4" name="TestCase4" time="0.0">
    <ignored/>
  </testcase> <!-- TestCase4 -->
  <testcase classname="pack1.TestClass5" name="TestCase11" time="0.0">
    <ignored/>
  </testcase> <!-- TestCase11 -->
</testsuite> <!-- Test(failed)(failed)(failed) -->
