<?xml version="1.0" encoding="UTF-8"?>
<!-- Generated by org.testng.reporters.JUnitXMLReporter -->
<testsuite ignored="0" hostname="DESKTOP-KJC6B92" failures="0" tests="5" name="Default test" time="0.08" errors="0" timestamp="2024-09-15T10:29:14 IST">
  <testcase classname="pack1.TestClass4" name="TestCase4" time="0.017"/>
  <testcase classname="pack1.TestClass4" name="TestCase5" time="0.003"/>
  <testcase classname="pack1.TestClass4" name="TestCase6" time="0.002"/>
  <testcase classname="pack1.TestClass4" name="TestCase7" time="0.001"/>
  <testcase classname="pack1.TestClass4" name="TestCase8" time="0.001"/>
</testsuite> <!-- Default test -->
